#
# There is insufficient memory for the Java Runtime Environment to continue.
# Native memory allocation (mmap) failed to map 335544320 bytes. Error detail: G1 virtual space
# Possible reasons:
#   The system is out of physical RAM or swap space
#   This process is running with CompressedOops enabled, and the Java Heap may be blocking the growth of the native heap
# Possible solutions:
#   Reduce memory load on the system
#   Increase physical memory or swap space
#   Check if swap backing store is full
#   Decrease Java heap size (-Xmx/-Xms)
#   Decrease number of Java threads
#   Decrease Java thread stack sizes (-Xss)
#   Set larger code cache with -XX:ReservedCodeCacheSize=
#   JVM is running with Zero Based Compressed Oops mode in which the Java heap is
#     placed in the first 32GB address space. The Java Heap base address is the
#     maximum limit for the native heap growth. Please use -XX:HeapBaseMinAddress
#     to set the Java Heap base and to place the Java Heap above 32GB virtual address.
# This output file may be truncated or incomplete.
#
#  Out of Memory Error (os_windows.cpp:3686), pid=19544, tid=34036
#
# JRE version:  (21.0.7+6) (build )
# Java VM: OpenJDK 64-Bit Server VM (21.0.7+6-LTS, mixed mode, sharing, tiered, compressed oops, compressed class ptrs, g1 gc, windows-amd64)
# No core dump will be written. Minidumps are not enabled by default on client versions of Windows
#

---------------  S U M M A R Y ------------

Command Line: -Dnet.bytebuddy.agent.attacher.dump= net.bytebuddy.agent.Attacher com.sun.tools.attach.VirtualMachine 11968 C:\Users\ashvinib\.m2\repository\net\bytebuddy\byte-buddy-agent\1.17.8\byte-buddy-agent-1.17.8.jar false 

Host: Intel(R) Core(TM) i3-10110U CPU @ 2.10GHz, 4 cores, 19G,  Windows 11 , 64 bit Build 26100 (10.0.26100.8246)
Time: Mon Apr 27 17:47:29 2026 India Standard Time elapsed time: 0.684788 seconds (0d 0h 0m 0s)

---------------  T H R E A D  ---------------

Current thread (0x000001cbdc1b67a0):  JavaThread "Unknown thread" [_thread_in_vm, id=34036, stack(0x00000037d8800000,0x00000037d8900000) (1024K)]

Stack: [0x00000037d8800000,0x00000037d8900000]
Native frames: (J=compiled Java code, j=interpreted, Vv=VM code, C=native code)
V  [jvm.dll+0x6ce119]
V  [jvm.dll+0x8a84a1]
V  [jvm.dll+0x8aa9ce]
V  [jvm.dll+0x8ab0b3]
V  [jvm.dll+0x27f8a6]
V  [jvm.dll+0x6ca945]
V  [jvm.dll+0x6bebea]
V  [jvm.dll+0x355eca]
V  [jvm.dll+0x35da96]
V  [jvm.dll+0x3af72e]
V  [jvm.dll+0x3af9d8]
V  [jvm.dll+0x32a05c]
V  [jvm.dll+0x32abbb]
V  [jvm.dll+0x871719]
V  [jvm.dll+0x3bc501]
V  [jvm.dll+0x85a743]
V  [jvm.dll+0x45080e]
V  [jvm.dll+0x452451]
C  [jli.dll+0x5278]
C  [ucrtbase.dll+0x37b0]
C  [KERNEL32.DLL+0x2e8d7]
C  [ntdll.dll+0x8c3fc]


---------------  P R O C E S S  ---------------

Threads class SMR info:
_java_thread_list=0x00007ff97056a0c8, length=0, elements={
}

Java Threads: ( => current thread )
Total: 0

Other Threads:
  0x000001cbdfe7e740 WorkerThread "GC Thread#0"                     [id=25160, stack(0x00000037d8900000,0x00000037d8a00000) (1024K)]
  0x000001cbdfe899a0 ConcurrentGCThread "G1 Main Marker"            [id=32044, stack(0x00000037d8a00000,0x00000037d8b00000) (1024K)]
  0x000001cbdfe8d240 WorkerThread "G1 Conc#0"                       [id=28164, stack(0x00000037d8b00000,0x00000037d8c00000) (1024K)]

[error occurred during error reporting (printing all threads), id 0xc0000005, EXCEPTION_ACCESS_VIOLATION (0xc0000005) at pc=0x00007ff96fc6c987]
VM state: not at safepoint (not fully initialized)

VM Mutex/Monitor currently owned by a thread:  ([mutex/lock_event])
[0x00007ff9705de408] Heap_lock - owner thread: 0x000001cbdc1b67a0

Heap address: 0x00000006c2800000, size: 5080 MB, Compressed Oops mode: Zero based, Oop shift amount: 3

CDS archive(s) mapped at: [0x0000000000000000-0x0000000000000000-0x0000000000000000), size 0, SharedBaseAddress: 0x0000000800000000, ArchiveRelocationMode: 1.
Narrow klass base: 0x0000000000000000, Narrow klass shift: 0, Narrow klass range: 0x0

GC Precious Log:
 CardTable entry size: 512
 Card Set container configuration: InlinePtr #cards 4 size 8 Array Of Cards #cards 32 size 80 Howl #buckets 8 coarsen threshold 7372 Howl Bitmap #cards 1024 size 144 coarsen threshold 921 Card regions per heap region 1 cards per card region 8192

Heap:
 garbage-first heap   total 0K, used 0K [0x00000006c2800000, 0x0000000800000000)
  region size 4096K, 0 young (0K), 0 survivors (0K)

[error occurred during error reporting (printing heap information), id 0xc0000005, EXCEPTION_ACCESS_VIOLATION (0xc0000005) at pc=0x00007ff970057949]
GC Heap History (0 events):
No events

Dll operation events (1 events):
Event: 0.014 Loaded shared library C:\Program Files\Java\jdk-21.0.7+6\bin\java.dll

Deoptimization events (0 events):
No events

Classes loaded (0 events):
No events

Classes unloaded (0 events):
No events

Classes redefined (0 events):
No events

Internal exceptions (0 events):
No events

ZGC Phase Switch (0 events):
No events

VM Operations (0 events):
No events

Memory protections (0 events):
No events

Nmethod flushes (0 events):
No events

Events (0 events):
No events


Dynamic libraries:
0x00007ff665520000 - 0x00007ff66552e000 	C:\Program Files\Java\jdk-21.0.7+6\bin\java.exe
0x00007ffa457c0000 - 0x00007ffa45a27000 	C:\WINDOWS\SYSTEM32\ntdll.dll
0x00007ffa43b40000 - 0x00007ffa43c09000 	C:\WINDOWS\System32\KERNEL32.DLL
0x00007ffa423d0000 - 0x00007ffa427c4000 	C:\WINDOWS\System32\KERNELBASE.dll
0x00007ffa42090000 - 0x00007ffa421db000 	C:\WINDOWS\System32\ucrtbase.dll
0x00007ffa36970000 - 0x00007ffa36988000 	C:\Program Files\Java\jdk-21.0.7+6\bin\jli.dll
0x00007ffa37040000 - 0x00007ffa3705e000 	C:\Program Files\Java\jdk-21.0.7+6\bin\VCRUNTIME140.dll
0x00007ffa44900000 - 0x00007ffa44ac5000 	C:\WINDOWS\System32\USER32.dll
0x00007ffa43040000 - 0x00007ffa43067000 	C:\WINDOWS\System32\win32u.dll
0x00007ffa44210000 - 0x00007ffa4423b000 	C:\WINDOWS\System32\GDI32.dll
0x00007ffa2fdc0000 - 0x00007ffa30053000 	C:\WINDOWS\WinSxS\amd64_microsoft.windows.common-controls_6595b64144ccf1df_6.0.26100.8115_none_3e075c82e3354f9c\COMCTL32.dll
0x00007ffa422a0000 - 0x00007ffa423cb000 	C:\WINDOWS\System32\gdi32full.dll
0x00007ffa44de0000 - 0x00007ffa44e89000 	C:\WINDOWS\System32\msvcrt.dll
0x00007ffa434a0000 - 0x00007ffa43543000 	C:\WINDOWS\System32\msvcp_win.dll
0x00007ffa44500000 - 0x00007ffa44532000 	C:\WINDOWS\System32\IMM32.DLL
0x00007ffa33bb0000 - 0x00007ffa33d0c000 	C:\WINDOWS\system32\tmumh\20019\AddOn\8.55.0.1429\TmUmEvt64.dll
0x00007ffa44dd0000 - 0x00007ffa44dd8000 	C:\WINDOWS\System32\PSAPI.DLL
0x00007ffa44840000 - 0x00007ffa448f6000 	C:\WINDOWS\System32\ADVAPI32.dll
0x00007ffa44620000 - 0x00007ffa446c7000 	C:\WINDOWS\System32\sechost.dll
0x00007ffa45660000 - 0x00007ffa45778000 	C:\WINDOWS\System32\RPCRT4.dll
0x00000000704a0000 - 0x00000000705c7000 	C:\WINDOWS\system32\tmumh\20019\TmMon\2.9.0.1243\tmmon64.dll
0x00007ffa3a9e0000 - 0x00007ffa3a9ec000 	C:\Program Files\Java\jdk-21.0.7+6\bin\vcruntime140_1.dll
0x00007ffa22d80000 - 0x00007ffa22e0d000 	C:\Program Files\Java\jdk-21.0.7+6\bin\msvcp140.dll
0x00007ff96f930000 - 0x00007ff9706c0000 	C:\Program Files\Java\jdk-21.0.7+6\bin\server\jvm.dll
0x00007ffa43c10000 - 0x00007ffa43c90000 	C:\WINDOWS\System32\WS2_32.dll
0x00007ffa41ef0000 - 0x00007ffa41f4e000 	C:\WINDOWS\SYSTEM32\POWRPROF.dll
0x00007ffa31d90000 - 0x00007ffa31dc6000 	C:\WINDOWS\SYSTEM32\WINMM.dll
0x00007ffa36330000 - 0x00007ffa3633b000 	C:\WINDOWS\SYSTEM32\VERSION.dll
0x00007ffa41ed0000 - 0x00007ffa41ee4000 	C:\WINDOWS\SYSTEM32\UMPDC.dll
0x00007ffa40e20000 - 0x00007ffa40e3b000 	C:\WINDOWS\SYSTEM32\kernel.appcore.dll
0x00007ffa3a140000 - 0x00007ffa3a14a000 	C:\Program Files\Java\jdk-21.0.7+6\bin\jimage.dll
0x00007ffa3fe90000 - 0x00007ffa400d2000 	C:\WINDOWS\SYSTEM32\DBGHELP.DLL
0x00007ffa43ca0000 - 0x00007ffa44022000 	C:\WINDOWS\System32\combase.dll
0x00007ffa44540000 - 0x00007ffa44618000 	C:\WINDOWS\System32\OLEAUT32.dll
0x00007ffa23270000 - 0x00007ffa232ab000 	C:\WINDOWS\SYSTEM32\dbgcore.DLL
0x00007ffa43270000 - 0x00007ffa43315000 	C:\WINDOWS\System32\bcryptPrimitives.dll
0x00007ffa36950000 - 0x00007ffa3696f000 	C:\Program Files\Java\jdk-21.0.7+6\bin\java.dll

dbghelp: loaded successfully - version: 4.0.5 - missing functions: none
symbol engine: initialized successfully - sym options: 0x614 - pdb path: .;C:\Program Files\Java\jdk-21.0.7+6\bin;C:\WINDOWS\SYSTEM32;C:\WINDOWS\WinSxS\amd64_microsoft.windows.common-controls_6595b64144ccf1df_6.0.26100.8115_none_3e075c82e3354f9c;C:\WINDOWS\system32\tmumh\20019\AddOn\8.55.0.1429;C:\WINDOWS\system32\tmumh\20019\TmMon\2.9.0.1243;C:\Program Files\Java\jdk-21.0.7+6\bin\server

VM Arguments:
jvm_args: -Dnet.bytebuddy.agent.attacher.dump= 
java_command: net.bytebuddy.agent.Attacher com.sun.tools.attach.VirtualMachine 11968 C:\Users\ashvinib\.m2\repository\net\bytebuddy\byte-buddy-agent\1.17.8\byte-buddy-agent-1.17.8.jar false 
java_class_path (initial): C:\Users\ashvinib\.m2\repository\net\bytebuddy\byte-buddy-agent\1.17.8\byte-buddy-agent-1.17.8.jar
Launcher Type: SUN_STANDARD

[Global flags]
     intx CICompilerCount                          = 3                                         {product} {ergonomic}
     uint ConcGCThreads                            = 1                                         {product} {ergonomic}
     uint G1ConcRefinementThreads                  = 4                                         {product} {ergonomic}
   size_t G1HeapRegionSize                         = 4194304                                   {product} {ergonomic}
    uintx GCDrainStackTargetSize                   = 64                                        {product} {ergonomic}
   size_t InitialHeapSize                          = 335544320                                 {product} {ergonomic}
   size_t MarkStackSize                            = 4194304                                   {product} {ergonomic}
   size_t MaxHeapSize                              = 5326766080                                {product} {ergonomic}
   size_t MinHeapDeltaBytes                        = 4194304                                   {product} {ergonomic}
   size_t MinHeapSize                              = 8388608                                   {product} {ergonomic}
    uintx NonNMethodCodeHeapSize                   = 5832780                                {pd product} {ergonomic}
    uintx NonProfiledCodeHeapSize                  = 122912730                              {pd product} {ergonomic}
    uintx ProfiledCodeHeapSize                     = 122912730                              {pd product} {ergonomic}
    uintx ReservedCodeCacheSize                    = 251658240                              {pd product} {ergonomic}
     bool SegmentedCodeCache                       = true                                      {product} {ergonomic}
   size_t SoftMaxHeapSize                          = 5326766080                             {manageable} {ergonomic}
     bool UseCompressedOops                        = true                           {product lp64_product} {ergonomic}
     bool UseG1GC                                  = true                                      {product} {ergonomic}
     bool UseLargePagesIndividualAllocation        = false                                  {pd product} {ergonomic}

Logging:
Log output configuration:
 #0: stdout all=warning uptime,level,tags foldmultilines=false
 #1: stderr all=off uptime,level,tags foldmultilines=false

Environment Variables:
JAVA_HOME=C:\Program Files\Java\jdk-21.0.7+6
PATH=C:\Program Files\Common Files\Oracle\Java\javapath;C:\WINDOWS\system32;C:\WINDOWS;C:\WINDOWS\System32\Wbem;C:\WINDOWS\System32\WindowsPowerShell\v1.0\;C:\WINDOWS\System32\OpenSSH\;C:\Program Files\Apache_maven\bin;C:\Program Files\Java\jdk-21.0.7+6\bin;C:\Program Files\Eclipse Adoptium\jdk-21.0.7+6\bin;C:\Program Files\Eclipse Adoptium\jdk-8.0.472.8-hotspot\bin;C:\Program Files\Java\jdk-21.0.7+6\bin;C:\Program Files\Git\cmd;C:\Program Files\Docker\Docker\resources\bin;C:\Users\ashvinib\AppData\Local\Microsoft\WindowsApps;C:\Program Files\Eclipse Adoptium\jdk-21.0.7+6\bin;C:\Users\ashvinib\AppData\Local\Programs\Microsoft VS Code\bin;C:\Program Files\JetBrains\IntelliJ IDEA Community Edition 2025.2.6.1\bin
USERNAME=ashvinib
OS=Windows_NT
PROCESSOR_IDENTIFIER=Intel64 Family 6 Model 142 Stepping 12, GenuineIntel
TMP=C:\Users\ashvinib\AppData\Local\Temp
TEMP=C:\Users\ashvinib\AppData\Local\Temp




Periodic native trim disabled

---------------  S Y S T E M  ---------------

OS:
 Windows 11 , 64 bit Build 26100 (10.0.26100.8246)
OS uptime: 11 days 5:15 hours
Hyper-V role detected

CPU: total 4 (initial active 4) (2 cores per cpu, 2 threads per core) family 6 model 142 stepping 12 microcode 0xde, cx8, cmov, fxsr, ht, mmx, 3dnowpref, sse, sse2, sse3, ssse3, sse4.1, sse4.2, popcnt, lzcnt, tsc, tscinvbit, avx, avx2, aes, erms, clmul, bmi1, bmi2, adx, fma, vzeroupper, clflush, clflushopt, hv, rdtscp, f16c
Processor Information for the first 4 processors :
  Max Mhz: 2501, Current Mhz: 2501, Mhz Limit: 2501

Memory: 4k page, system-wide physical 20317M (2805M free)
TotalPageFile size 35942M (AvailPageFile size 321M)
current process WorkingSet (physical memory assigned to process): 16M, peak: 16M
current process commit charge ("private bytes"): 55M, peak: 375M

vm_info: OpenJDK 64-Bit Server VM (21.0.7+6-LTS) for windows-amd64 JRE (21.0.7+6-LTS), built on 2025-04-15T00:00:00Z by "admin" with MS VC++ 17.7 (VS2022)

END.
